<?xml version="1.0" encoding="UTF-8"?>
<!-- Generated by org.testng.reporters.JUnitXMLReporter -->
<testsuite ignored="2" hostname="sellerp26-PC" failures="1" tests="2" name="ChromeTest" time="35.132" errors="0" timestamp="2026-04-28T16:22:59 CEST">
  <testcase classname="base.driverinitialization" name="@BeforeTest login_setup" time="14.086">
    <failure type="org.openqa.selenium.SessionNotCreatedException" message="Could not start a new session. Response code 500. Message: Could not start a new session. Could not start a new session. Error while creating session with the driver service. Stopping driver service: Driver server process died prematurely, exit value: 2
Build info: version: &amp;apos;4.43.0&amp;apos;, revision: &amp;apos;dd0f534&amp;apos;
System info: os.name: &amp;apos;Linux&amp;apos;, os.arch: &amp;apos;amd64&amp;apos;, os.version: &amp;apos;6.17.0-22-generic&amp;apos;, java.version: &amp;apos;21.0.7&amp;apos;
Driver info: driver.version: unknown 
Host info: host: &amp;apos;sellerp26-PC&amp;apos;, ip: &amp;apos;127.0.1.1&amp;apos;
Build info: version: &amp;apos;4.43.0&amp;apos;, revision: &amp;apos;dd0f534&amp;apos;
System info: os.name: &amp;apos;Linux&amp;apos;, os.arch: &amp;apos;amd64&amp;apos;, os.version: &amp;apos;6.17.0-22-generic&amp;apos;, java.version: &amp;apos;21.0.7&amp;apos;
Driver info: driver.version: unknown
Build info: version: &amp;apos;4.43.0&amp;apos;, revision: &amp;apos;dd0f534&amp;apos;
System info: os.name: &amp;apos;Linux&amp;apos;, os.arch: &amp;apos;amd64&amp;apos;, os.version: &amp;apos;6.17.0-22-generic&amp;apos;, java.version: &amp;apos;21.0.7&amp;apos;
Driver info: driver.version: unknown
Build info: version: &amp;apos;4.35.0&amp;apos;, revision: &amp;apos;1c58e5028b&amp;apos;
System info: os.name: &amp;apos;Linux&amp;apos;, os.arch: &amp;apos;amd64&amp;apos;, os.version: &amp;apos;6.17.0-22-generic&amp;apos;, java.version: &amp;apos;11.0.30&amp;apos;
Driver info: org.openqa.selenium.remote.RemoteWebDriver
Command: [null, newSession {capabilities=[Capabilities {browserName: firefox}]}]
Capabilities {browserName: firefox}">
      <![CDATA[org.openqa.selenium.SessionNotCreatedException: Could not start a new session. Response code 500. Message: Could not start a new session. Could not start a new session. Error while creating session with the driver service. Stopping driver service: Driver server process died prematurely, exit value: 2
Build info: version: '4.43.0', revision: 'dd0f534'
System info: os.name: 'Linux', os.arch: 'amd64', os.version: '6.17.0-22-generic', java.version: '21.0.7'
Driver info: driver.version: unknown 
Host info: host: 'sellerp26-PC', ip: '127.0.1.1'
Build info: version: '4.43.0', revision: 'dd0f534'
System info: os.name: 'Linux', os.arch: 'amd64', os.version: '6.17.0-22-generic', java.version: '21.0.7'
Driver info: driver.version: unknown
Build info: version: '4.43.0', revision: 'dd0f534'
System info: os.name: 'Linux', os.arch: 'amd64', os.version: '6.17.0-22-generic', java.version: '21.0.7'
Driver info: driver.version: unknown
Build info: version: '4.35.0', revision: '1c58e5028b'
System info: os.name: 'Linux', os.arch: 'amd64', os.version: '6.17.0-22-generic', java.version: '11.0.30'
Driver info: org.openqa.selenium.remote.RemoteWebDriver
Command: [null, newSession {capabilities=[Capabilities {browserName: firefox}]}]
Capabilities {browserName: firefox}
at org.openqa.selenium.remote.ProtocolHandshake.createSession(ProtocolHandshake.java:114)
at org.openqa.selenium.remote.ProtocolHandshake.createSession(ProtocolHandshake.java:75)
at org.openqa.selenium.remote.ProtocolHandshake.createSession(ProtocolHandshake.java:61)
at org.openqa.selenium.remote.HttpCommandExecutor.execute(HttpCommandExecutor.java:187)
at org.openqa.selenium.remote.TracedCommandExecutor.execute(TracedCommandExecutor.java:53)
at org.openqa.selenium.remote.RemoteWebDriver.execute(RemoteWebDriver.java:557)
at org.openqa.selenium.remote.RemoteWebDriver.startSession(RemoteWebDriver.java:246)
at org.openqa.selenium.remote.RemoteWebDriver.<init>(RemoteWebDriver.java:174)
at org.openqa.selenium.remote.RemoteWebDriver.<init>(RemoteWebDriver.java:152)
at base.driverinitialization.login_setup(driverinitialization.java:80)
at java.base/java.util.concurrent.FutureTask.run(FutureTask.java:264)
at java.base/java.util.concurrent.ThreadPoolExecutor.runWorker(ThreadPoolExecutor.java:1128)
at java.base/java.util.concurrent.ThreadPoolExecutor$Worker.run(ThreadPoolExecutor.java:628)
at java.base/java.lang.Thread.run(Thread.java:829)
... Removed 14 stack frames]]>
    </failure>
  </testcase> <!-- @BeforeTest login_setup -->
  <testcase classname="base.driverinitialization" name="@AfterTest teardown" time="0.0">
    <skipped/>
  </testcase> <!-- @AfterTest teardown -->
  <testcase classname="testcases.Logintest" name="login_test" time="6.085"/>
  <testcase classname="testcases.Inventorytest" name="inventorypage" time="18.171">
    <failure type="org.openqa.selenium.ElementClickInterceptedException" message="element click intercepted: Element is not clickable at point (1055, -1322)
  (Session info: chrome=145.0.7632.159)
Build info: version: &amp;apos;4.35.0&amp;apos;, revision: &amp;apos;1c58e5028b&amp;apos;
System info: os.name: &amp;apos;Linux&amp;apos;, os.arch: &amp;apos;amd64&amp;apos;, os.version: &amp;apos;6.17.0-22-generic&amp;apos;, java.version: &amp;apos;11.0.30&amp;apos;
Driver info: org.openqa.selenium.remote.RemoteWebDriver
Command: [8c1c7fe087e4b2593c332f0d6781d41a, clickElement {id=f.BC2D54DE2A31E854A37A9B1AC87142AF.d.63E60D473E08F0E2266280576A36AF0B.e.2057}]
Capabilities {acceptInsecureCerts: false, browserName: chrome, browserVersion: 145.0.7632.159, chrome: {chromedriverVersion: 145.0.7632.117 (de4e5d6e13b..., userDataDir: /tmp/org.chromium.Chromium....}, fedcm:accounts: true, goog:chromeOptions: {debuggerAddress: localhost:35745}, goog:processID: 60717, networkConnectionEnabled: false, pageLoadStrategy: normal, platformName: linux, proxy: Proxy(), se:bidiEnabled: false, se:cdp: ws://172.17.0.1:4444/sessio..., se:cdpVersion: 145.0.7632.159, setWindowRect: true, strictFileInteractability: false, timeouts: {implicit: 0, pageLoad: 300000, script: 30000}, unhandledPromptBehavior: dismiss and notify, webauthn:extension:credBlob: true, webauthn:extension:largeBlob: true, webauthn:extension:minPinLength: true, webauthn:extension:prf: true, webauthn:virtualAuthenticators: true}
Element: [[RemoteWebDriver: chrome on linux (8c1c7fe087e4b2593c332f0d6781d41a)] -&amp;gt; link text: Allegro PL]
Session ID: 8c1c7fe087e4b2593c332f0d6781d41a">
      <![CDATA[org.openqa.selenium.ElementClickInterceptedException: element click intercepted: Element is not clickable at point (1055, -1322)
  (Session info: chrome=145.0.7632.159)
Build info: version: '4.35.0', revision: '1c58e5028b'
System info: os.name: 'Linux', os.arch: 'amd64', os.version: '6.17.0-22-generic', java.version: '11.0.30'
Driver info: org.openqa.selenium.remote.RemoteWebDriver
Command: [8c1c7fe087e4b2593c332f0d6781d41a, clickElement {id=f.BC2D54DE2A31E854A37A9B1AC87142AF.d.63E60D473E08F0E2266280576A36AF0B.e.2057}]
Capabilities {acceptInsecureCerts: false, browserName: chrome, browserVersion: 145.0.7632.159, chrome: {chromedriverVersion: 145.0.7632.117 (de4e5d6e13b..., userDataDir: /tmp/org.chromium.Chromium....}, fedcm:accounts: true, goog:chromeOptions: {debuggerAddress: localhost:35745}, goog:processID: 60717, networkConnectionEnabled: false, pageLoadStrategy: normal, platformName: linux, proxy: Proxy(), se:bidiEnabled: false, se:cdp: ws://172.17.0.1:4444/sessio..., se:cdpVersion: 145.0.7632.159, setWindowRect: true, strictFileInteractability: false, timeouts: {implicit: 0, pageLoad: 300000, script: 30000}, unhandledPromptBehavior: dismiss and notify, webauthn:extension:credBlob: true, webauthn:extension:largeBlob: true, webauthn:extension:minPinLength: true, webauthn:extension:prf: true, webauthn:virtualAuthenticators: true}
Element: [[RemoteWebDriver: chrome on linux (8c1c7fe087e4b2593c332f0d6781d41a)] -> link text: Allegro PL]
Session ID: 8c1c7fe087e4b2593c332f0d6781d41a
at org.openqa.selenium.remote.ErrorCodec.decode(ErrorCodec.java:167)
at org.openqa.selenium.remote.codec.w3c.W3CHttpResponseCodec.decode(W3CHttpResponseCodec.java:138)
at org.openqa.selenium.remote.codec.w3c.W3CHttpResponseCodec.decode(W3CHttpResponseCodec.java:50)
at org.openqa.selenium.remote.HttpCommandExecutor.execute(HttpCommandExecutor.java:215)
at org.openqa.selenium.remote.TracedCommandExecutor.execute(TracedCommandExecutor.java:53)
at org.openqa.selenium.remote.RemoteWebDriver.execute(RemoteWebDriver.java:557)
at org.openqa.selenium.remote.RemoteWebElement.execute(RemoteWebElement.java:223)
at org.openqa.selenium.remote.RemoteWebElement.click(RemoteWebElement.java:76)
at org.openqa.selenium.support.pagefactory.internal.LocatingElementHandler.invoke(LocatingElementHandler.java:51)
at com.sun.proxy.$Proxy30.click(Unknown Source)
at pages.Inventorypage.allegro_details(Inventorypage.java:822)
at testcases.Inventorytest.inventorypage(Inventorytest.java:60)
at java.base/java.util.ArrayList.forEach(ArrayList.java:1541)
at java.base/java.util.concurrent.FutureTask.run(FutureTask.java:264)
at java.base/java.util.concurrent.ThreadPoolExecutor.runWorker(ThreadPoolExecutor.java:1128)
at java.base/java.util.concurrent.ThreadPoolExecutor$Worker.run(ThreadPoolExecutor.java:628)
at java.base/java.lang.Thread.run(Thread.java:829)
... Removed 25 stack frames]]>
    </failure>
  </testcase> <!-- inventorypage -->
  <testcase classname="base.driverinitialization" name="@BeforeTest login_setup" time="0.0">
    <ignored/>
  </testcase> <!-- @BeforeTest login_setup -->
  <testcase classname="base.driverinitialization" name="@AfterTest teardown" time="0.0">
    <ignored/>
  </testcase> <!-- @AfterTest teardown -->
</testsuite> <!-- ChromeTest -->
