<?xml version="1.0" encoding="UTF-8"?>
<!-- Generated by org.testng.reporters.JUnitXMLReporter -->
<testsuite ignored="2" hostname="sellerp26-PC" failures="0" tests="2" name="FirefoxTest" time="37.782" errors="0" timestamp="2026-04-28T16:38:20 CEST">
  <testcase classname="testcases.Logintest" name="login_test" time="0.0">
    <skipped/>
  </testcase> <!-- login_test -->
  <testcase classname="testcases.Inventorytest" name="inventorypage" time="0.0">
    <skipped/>
  </testcase> <!-- inventorypage -->
  <testcase classname="base.driverinitialization" name="@BeforeTest login_setup" time="0.0">
    <ignored/>
  </testcase> <!-- @BeforeTest login_setup -->
  <testcase classname="base.driverinitialization" name="@AfterTest teardown" time="0.0">
    <ignored/>
  </testcase> <!-- @AfterTest teardown -->
</testsuite> <!-- FirefoxTest -->
