<?xml version="1.0" encoding="UTF-8"?>
<!-- Generated by org.testng.reporters.JUnitXMLReporter -->
<testsuite ignored="0" hostname="sellerp26-PC" failures="0" tests="1" name="LoginTest" time="8.817" errors="0" timestamp="2026-04-28T15:20:34 CEST">
  <testcase classname="base.driverinitialization" name="@BeforeMethod login_setup" time="8.225">
    <failure type="java.lang.NullPointerException">
      <![CDATA[java.lang.NullPointerException
at base.driverinitialization.login_setup(driverinitialization.java:74)
at java.base/java.util.concurrent.Executors$RunnableAdapter.call(Executors.java:515)
at java.base/java.util.concurrent.FutureTask.run(FutureTask.java:264)
at java.base/java.util.concurrent.ThreadPoolExecutor.runWorker(ThreadPoolExecutor.java:1128)
at java.base/java.util.concurrent.ThreadPoolExecutor$Worker.run(ThreadPoolExecutor.java:628)
at java.base/java.lang.Thread.run(Thread.java:829)
... Removed 17 stack frames]]>
    </failure>
  </testcase> <!-- @BeforeMethod login_setup -->
  <testcase classname="base.driverinitialization" name="@AfterMethod teardown" time="0.0">
    <skipped/>
  </testcase> <!-- @AfterMethod teardown -->
  <testcase classname="testcases.Logintest" name="login_test" time="0.0">
    <skipped/>
  </testcase> <!-- login_test -->
</testsuite> <!-- LoginTest -->
