<?xml version="1.0" encoding="UTF-8"?>
<testng-results ignored="0" total="1" passed="1" failed="0" skipped="0">
  <reporter-output>
  </reporter-output>
  <suite started-at="2026-02-25T12:18:36 IST" name="Default suite" finished-at="2026-02-25T12:19:10 IST" duration-ms="34873">
    <groups>
    </groups>
    <test started-at="2026-02-25T12:18:36 IST" name="Default test" finished-at="2026-02-25T12:19:10 IST" duration-ms="34873">
      <class name="com.android.session_create">
        <test-method is-config="true" signature="setup()[pri:0, instance:com.android.session_create@2b71e916]" started-at="2026-02-25T12:18:36 IST" name="setup" finished-at="2026-02-25T12:18:49 IST" duration-ms="13482" status="PASS">
          <reporter-output>
          </reporter-output>
        </test-method> <!-- setup -->
        <test-method signature="open_google()[pri:0, instance:com.android.session_create@2b71e916]" started-at="2026-02-25T12:18:49 IST" name="open_google" finished-at="2026-02-25T12:19:07 IST" duration-ms="17906" status="PASS">
          <reporter-output>
          </reporter-output>
        </test-method> <!-- open_google -->
        <test-method is-config="true" signature="teardown()[pri:0, instance:com.android.session_create@2b71e916]" started-at="2026-02-25T12:19:07 IST" name="teardown" finished-at="2026-02-25T12:19:10 IST" duration-ms="3437" status="PASS">
          <reporter-output>
          </reporter-output>
        </test-method> <!-- teardown -->
      </class> <!-- com.android.session_create -->
    </test> <!-- Default test -->
  </suite> <!-- Default suite -->
</testng-results>
