<?xml version="1.0" encoding="UTF-8"?>
<!-- Generated by org.testng.reporters.JUnitXMLReporter -->
<testsuite ignored="0" hostname="sellerp26-PC" failures="0" tests="3" name="Test" time="16.945" errors="0" timestamp="2026-04-28T11:59:02 CEST">
  <testcase classname="api_testing.authenticate" name="authenticate_call" time="2.881"/>
  <testcase classname="api_testing.get_method" name="get_call" time="0.743"/>
  <testcase classname="api_testing.get_mkp_call" name="get_mkp" time="13.288"/>
</testsuite> <!-- Test -->
