<?xml version="1.0" encoding="UTF-8"?>
<!-- Generated by org.testng.reporters.JUnitReportReporter -->
<testsuite hostname="sellerp26-PC" failures="0" tests="2" name="tentNG_execution_flow.testNG_annotation_flow" time="0.008" errors="0" timestamp="2026-01-22T18:03:50 IST" skipped="0">
  <testcase classname="tentNG_execution_flow.testNG_annotation_flow" name="test1" time="0.006"/>
  <testcase classname="tentNG_execution_flow.testNG_annotation_flow" name="test2" time="0.002"/>
</testsuite> <!-- tentNG_execution_flow.testNG_annotation_flow -->
