<?xml version="1.0" encoding="UTF-8"?>
<!-- Generated by org.testng.reporters.JUnitReportReporter -->
<testsuite hostname="sellerp26-PC" failures="0" tests="2" name="File_related_testng.Parameter" time="49.353" errors="0" timestamp="2025-12-11T19:56:03 IST" skipped="0">
  <testcase classname="File_related_testng.Parameter" name="cross_browser" time="7.933"/>
  <testcase classname="File_related_testng.Parameter" name="cross_browser" time="41.420"/>
</testsuite> <!-- File_related_testng.Parameter -->
