<?xml version="1.0" encoding="UTF-8"?>
<!-- Generated by org.testng.reporters.JUnitReportReporter -->
<testsuite hostname="sellerp26-PC" failures="0" tests="3" name="File_related.fetch_details_from_file" time="38.753" errors="0" timestamp="2025-12-11T17:51:21 IST" skipped="0">
  <testcase classname="File_related.fetch_details_from_file" name="multi_data_validation" time="18.757"/>
  <testcase classname="File_related.fetch_details_from_file" name="multi_data_validation" time="7.155"/>
  <testcase classname="File_related.fetch_details_from_file" name="multi_data_validation" time="12.841"/>
</testsuite> <!-- File_related.fetch_details_from_file -->
