<?xml version="1.0" encoding="UTF-8"?>
<!-- Generated by org.testng.reporters.JUnitReportReporter -->
<testsuite hostname="sellerp26-PC" failures="0" tests="4" name="Excel_reusable_code.Login_page" time="62.467" errors="0" timestamp="2026-04-30T09:20:59 CEST" skipped="0">
  <testcase classname="Excel_reusable_code.Login_page" name="login_test" time="12.832"/>
  <testcase classname="Excel_reusable_code.Login_page" name="login_test" time="24.632"/>
  <testcase classname="Excel_reusable_code.Login_page" name="login_test" time="15.259"/>
  <testcase classname="Excel_reusable_code.Login_page" name="login_test" time="9.744"/>
</testsuite> <!-- Excel_reusable_code.Login_page -->
