<?xml version="1.0" encoding="UTF-8"?>
<!-- Generated by org.testng.reporters.JUnitReportReporter -->
<testsuite hostname="sellerp26-PC" failures="0" tests="3" name="File_related_testng.fetch_data_from_dp" time="29.434" errors="0" timestamp="2026-02-05T10:49:57 CET" skipped="0">
  <testcase classname="File_related_testng.fetch_data_from_dp" name="multi_data_validation" time="6.813"/>
  <testcase classname="File_related_testng.fetch_data_from_dp" name="multi_data_validation" time="10.822"/>
  <testcase classname="File_related_testng.fetch_data_from_dp" name="multi_data_validation" time="11.799"/>
</testsuite> <!-- File_related_testng.fetch_data_from_dp -->
