<?xml version="1.0" encoding="UTF-8"?>
<!-- Generated by org.testng.reporters.JUnitXMLReporter -->
<testsuite ignored="0" hostname="sellerp26-PC" failures="0" tests="3" name="Test" time="10.118" errors="0" timestamp="2026-04-28T16:30:57 CEST">
  <testcase classname="base.authenticate" name="authenticate_call" time="5.692"/>
  <testcase classname="testcases.get_method" name="get_call" time="0.776"/>
  <testcase classname="testcases.post_method" name="post_call" time="3.285"/>
</testsuite> <!-- Test -->
