<?xml version="1.0" encoding="UTF-8"?>
<!-- Generated by org.testng.reporters.JUnitXMLReporter -->
<testsuite ignored="0" hostname="sellerp26-PC" failures="0" tests="1" name="Chrome_Test" time="1.469" errors="0" timestamp="2026-01-22T17:12:01 IST">
  <testcase classname="cross_browser.Login_cross_browser" name="@BeforeTest set_up" time="1.436">
    <failure type="org.openqa.selenium.SessionNotCreatedException" message="Could not start a new session. Response code 500. Message: Could not start a new session. Error while creating session with the driver service. Stopping driver service: Could not start a new session. Response code 500. Message: session not created: This version of ChromeDriver only supports Chrome version 144
Current browser version is 143.0.7499.192 with binary path /usr/bin/google-chrome 
Host info: host: &amp;apos;sellerp26-PC&amp;apos;, ip: &amp;apos;127.0.1.1&amp;apos;
Build info: version: &amp;apos;4.35.0&amp;apos;, revision: &amp;apos;1c58e5028b&amp;apos;
System info: os.name: &amp;apos;Linux&amp;apos;, os.arch: &amp;apos;amd64&amp;apos;, os.version: &amp;apos;6.14.0-37-generic&amp;apos;, java.version: &amp;apos;21.0.7&amp;apos;
Driver info: driver.version: unknown
Build info: version: &amp;apos;4.35.0&amp;apos;, revision: &amp;apos;1c58e5028b&amp;apos;
System info: os.name: &amp;apos;Linux&amp;apos;, os.arch: &amp;apos;amd64&amp;apos;, os.version: &amp;apos;6.14.0-37-generic&amp;apos;, java.version: &amp;apos;21.0.7&amp;apos;
Driver info: driver.version: unknown
Build info: version: &amp;apos;4.27.0&amp;apos;, revision: &amp;apos;d6e718d134&amp;apos;
System info: os.name: &amp;apos;Linux&amp;apos;, os.arch: &amp;apos;amd64&amp;apos;, os.version: &amp;apos;6.14.0-37-generic&amp;apos;, java.version: &amp;apos;21.0.9&amp;apos;
Driver info: org.openqa.selenium.remote.RemoteWebDriver
Command: [null, newSession {capabilities=[Capabilities {browserName: chrome, goog:chromeOptions: {args: [], extensions: []}, platformName: linux}]}]
Capabilities {browserName: chrome, goog:chromeOptions: {args: [], extensions: []}, platformName: linux}">
      <![CDATA[org.openqa.selenium.SessionNotCreatedException: Could not start a new session. Response code 500. Message: Could not start a new session. Error while creating session with the driver service. Stopping driver service: Could not start a new session. Response code 500. Message: session not created: This version of ChromeDriver only supports Chrome version 144
Current browser version is 143.0.7499.192 with binary path /usr/bin/google-chrome 
Host info: host: 'sellerp26-PC', ip: '127.0.1.1'
Build info: version: '4.35.0', revision: '1c58e5028b'
System info: os.name: 'Linux', os.arch: 'amd64', os.version: '6.14.0-37-generic', java.version: '21.0.7'
Driver info: driver.version: unknown
Build info: version: '4.35.0', revision: '1c58e5028b'
System info: os.name: 'Linux', os.arch: 'amd64', os.version: '6.14.0-37-generic', java.version: '21.0.7'
Driver info: driver.version: unknown
Build info: version: '4.27.0', revision: 'd6e718d134'
System info: os.name: 'Linux', os.arch: 'amd64', os.version: '6.14.0-37-generic', java.version: '21.0.9'
Driver info: org.openqa.selenium.remote.RemoteWebDriver
Command: [null, newSession {capabilities=[Capabilities {browserName: chrome, goog:chromeOptions: {args: [], extensions: []}, platformName: linux}]}]
Capabilities {browserName: chrome, goog:chromeOptions: {args: [], extensions: []}, platformName: linux}
at org.openqa.selenium.remote.ProtocolHandshake.createSession(ProtocolHandshake.java:114)
at org.openqa.selenium.remote.ProtocolHandshake.createSession(ProtocolHandshake.java:75)
at org.openqa.selenium.remote.ProtocolHandshake.createSession(ProtocolHandshake.java:61)
at org.openqa.selenium.remote.HttpCommandExecutor.execute(HttpCommandExecutor.java:162)
at org.openqa.selenium.remote.TracedCommandExecutor.execute(TracedCommandExecutor.java:53)
at org.openqa.selenium.remote.RemoteWebDriver.execute(RemoteWebDriver.java:545)
at org.openqa.selenium.remote.RemoteWebDriver.startSession(RemoteWebDriver.java:245)
at org.openqa.selenium.remote.RemoteWebDriver.<init>(RemoteWebDriver.java:174)
at org.openqa.selenium.remote.RemoteWebDriver.<init>(RemoteWebDriver.java:152)
at cross_browser.Login_cross_browser.set_up(Login_cross_browser.java:49)
at java.base/java.util.concurrent.FutureTask.run(FutureTask.java:317)
at java.base/java.util.concurrent.ThreadPoolExecutor.runWorker(ThreadPoolExecutor.java:1144)
at java.base/java.util.concurrent.ThreadPoolExecutor$Worker.run(ThreadPoolExecutor.java:642)
at java.base/java.lang.Thread.run(Thread.java:1583)
... Removed 12 stack frames]]>
    </failure>
  </testcase> <!-- @BeforeTest set_up -->
  <testcase classname="cross_browser.Login_cross_browser" name="@AfterTest tear_down" time="0.0">
    <skipped/>
  </testcase> <!-- @AfterTest tear_down -->
  <testcase classname="cross_browser.Login_cross_browser" name="test_case" time="0.0">
    <skipped/>
  </testcase> <!-- test_case -->
</testsuite> <!-- Chrome_Test -->
