<?xml version="1.0" encoding="UTF-8"?>
<testng-results ignored="0" total="1" passed="1" failed="0" skipped="0">
  <reporter-output>
  </reporter-output>
  <suite started-at="2026-04-30T15:41:17 CEST" name="Default suite" finished-at="2026-04-30T15:41:25 CEST" duration-ms="8318">
    <groups>
    </groups>
    <test started-at="2026-04-30T15:41:17 CEST" name="Default test" finished-at="2026-04-30T15:41:25 CEST" duration-ms="8318">
      <class name="xpath.amazon_dynamic_product_search">
        <test-method signature="product_search()[pri:0, instance:xpath.amazon_dynamic_product_search@c730b35]" started-at="2026-04-30T15:41:17 CEST" name="product_search" finished-at="2026-04-30T15:41:25 CEST" duration-ms="8286" status="PASS">
          <reporter-output>
          </reporter-output>
        </test-method> <!-- product_search -->
      </class> <!-- xpath.amazon_dynamic_product_search -->
    </test> <!-- Default test -->
  </suite> <!-- Default suite -->
</testng-results>
