<?xml version="1.0" encoding="UTF-8"?>
<testng-results ignored="0" total="1" passed="1" failed="0" skipped="0">
  <reporter-output>
  </reporter-output>
  <suite started-at="2026-05-04T09:49:45 CEST" name="Default suite" finished-at="2026-05-04T09:49:56 CEST" duration-ms="11319">
    <groups>
    </groups>
    <test started-at="2026-05-04T09:49:45 CEST" name="Default test" finished-at="2026-05-04T09:49:56 CEST" duration-ms="11319">
      <class name="windowhandle.window">
        <test-method signature="window_handle()[pri:0, instance:windowhandle.window@206a70ef]" started-at="2026-05-04T09:49:45 CEST" name="window_handle" finished-at="2026-05-04T09:49:56 CEST" duration-ms="11286" status="PASS">
          <reporter-output>
          </reporter-output>
        </test-method> <!-- window_handle -->
      </class> <!-- windowhandle.window -->
    </test> <!-- Default test -->
  </suite> <!-- Default suite -->
</testng-results>
