<?xml version="1.0" encoding="UTF-8"?>
<testng-results ignored="0" total="1" passed="1" failed="0" skipped="0">
  <reporter-output>
  </reporter-output>
  <suite started-at="2025-12-10T15:08:16 IST" name="Default suite" finished-at="2025-12-10T15:08:16 IST" duration-ms="609">
    <groups>
    </groups>
    <test started-at="2025-12-10T15:08:16 IST" name="Default test" finished-at="2025-12-10T15:08:16 IST" duration-ms="609">
      <class name="Java_net.Get">
        <test-method signature="getrequest()[pri:0, instance:Java_net.Get@158da8e]" started-at="2025-12-10T15:08:16 IST" name="getrequest" finished-at="2025-12-10T15:08:16 IST" duration-ms="581" status="PASS">
          <reporter-output>
          </reporter-output>
        </test-method> <!-- getrequest -->
      </class> <!-- Java_net.Get -->
    </test> <!-- Default test -->
  </suite> <!-- Default suite -->
</testng-results>
