<?xml version="1.0" encoding="UTF-8"?>
<testng-results ignored="0" total="1" passed="1" failed="0" skipped="0">
  <reporter-output>
  </reporter-output>
  <suite started-at="2026-04-27T11:37:04 CEST" name="Suite" finished-at="2026-04-27T11:37:16 CEST" duration-ms="12325">
    <groups>
    </groups>
    <test started-at="2026-04-27T11:37:04 CEST" name="Test" finished-at="2026-04-27T11:37:16 CEST" duration-ms="12325">
      <class name="testcases.Logintest">
        <test-method is-config="true" signature="login_setup()[pri:0, instance:testcases.Logintest@528c868]" started-at="2026-04-27T11:36:54 CEST" name="login_setup" finished-at="2026-04-27T11:37:04 CEST" duration-ms="9740" status="PASS">
          <reporter-output>
          </reporter-output>
        </test-method> <!-- login_setup -->
        <test-method signature="login_test()[pri:0, instance:testcases.Logintest@528c868]" started-at="2026-04-27T11:37:04 CEST" name="login_test" finished-at="2026-04-27T11:37:16 CEST" duration-ms="12099" status="PASS">
          <reporter-output>
          </reporter-output>
        </test-method> <!-- login_test -->
        <test-method is-config="true" signature="teardown()[pri:0, instance:testcases.Logintest@528c868]" started-at="2026-04-27T11:37:16 CEST" name="teardown" finished-at="2026-04-27T11:37:36 CEST" duration-ms="20264" status="PASS">
          <reporter-output>
          </reporter-output>
        </test-method> <!-- teardown -->
      </class> <!-- testcases.Logintest -->
    </test> <!-- Test -->
  </suite> <!-- Suite -->
</testng-results>
